Using pre-set license
Built from '2021.3/staging' branch; Version is '2021.3.15f1 (e8e88683f834) revision 15263878'; Using compiler version '192829333'; Build Type 'Release'
OS: 'Windows 11  (10.0.22621) 64bit Core' Language: 'en' Physical Memory: 16253 MB
BatchMode: 1, IsHumanControllingUs: 0, StartBugReporterOnCrash: 0, Is64bit: 1, IsPro: 1

COMMAND LINE ARGUMENTS:
C:\Program Files\Unity\Hub\Editor\2021.3.15f1\Editor\Unity.exe
-adb2
-batchMode
-noUpm
-name
AssetImportWorker0
-projectPath
C:/Users/kenny/Documents/GitHub/MD_Hypercasual/ResourceMaster
-logFile
Logs/AssetImportWorker0.log
-srvPort
59579
Successfully changed project path to: C:/Users/kenny/Documents/GitHub/MD_Hypercasual/ResourceMaster
C:/Users/kenny/Documents/GitHub/MD_Hypercasual/ResourceMaster
[UnityMemory] Configuration Parameters - Can be set up in boot.config
    "memorysetup-bucket-allocator-granularity=16"
    "memorysetup-bucket-allocator-bucket-count=8"
    "memorysetup-bucket-allocator-block-size=33554432"
    "memorysetup-bucket-allocator-block-count=8"
    "memorysetup-main-allocator-block-size=16777216"
    "memorysetup-thread-allocator-block-size=16777216"
    "memorysetup-gfx-main-allocator-block-size=16777216"
    "memorysetup-gfx-thread-allocator-block-size=16777216"
    "memorysetup-cache-allocator-block-size=4194304"
    "memorysetup-typetree-allocator-block-size=2097152"
    "memorysetup-profiler-bucket-allocator-granularity=16"
    "memorysetup-profiler-bucket-allocator-bucket-count=8"
    "memorysetup-profiler-bucket-allocator-block-size=33554432"
    "memorysetup-profiler-bucket-allocator-block-count=8"
    "memorysetup-profiler-allocator-block-size=16777216"
    "memorysetup-profiler-editor-allocator-block-size=1048576"
    "memorysetup-temp-allocator-size-main=16777216"
    "memorysetup-job-temp-allocator-block-size=2097152"
    "memorysetup-job-temp-allocator-block-size-background=1048576"
    "memorysetup-job-temp-allocator-reduction-small-platforms=262144"
    "memorysetup-temp-allocator-size-background-worker=32768"
    "memorysetup-temp-allocator-size-job-worker=262144"
    "memorysetup-temp-allocator-size-preload-manager=33554432"
    "memorysetup-temp-allocator-size-nav-mesh-worker=65536"
    "memorysetup-temp-allocator-size-audio-worker=65536"
    "memorysetup-temp-allocator-size-cloud-worker=32768"
    "memorysetup-temp-allocator-size-gi-baking-worker=262144"
    "memorysetup-temp-allocator-size-gfx=262144"
Player connection [2308] Host "[IP] 26.192.35.207 [Port] 0 [Flags] 2 [Guid] 1322978609 [EditorId] 1322978609 [Version] 1048832 [Id] WindowsEditor(7,LAPTOP-JNMN09SL) [Debug] 1 [PackageName] WindowsEditor [ProjectName] Editor" joined multi-casting on [225.0.0.222:54997]...

Player connection [2308] Host "[IP] 26.192.35.207 [Port] 0 [Flags] 2 [Guid] 1322978609 [EditorId] 1322978609 [Version] 1048832 [Id] WindowsEditor(7,LAPTOP-JNMN09SL) [Debug] 1 [PackageName] WindowsEditor [ProjectName] Editor" joined alternative multi-casting on [225.0.0.222:34997]...

Refreshing native plugins compatible for Editor in 96.50 ms, found 3 plugins.
Preloading 0 native plugins for Editor in 0.00 ms.
Initialize engine version: 2021.3.15f1 (e8e88683f834)
[Subsystems] Discovering subsystems at path C:/Program Files/Unity/Hub/Editor/2021.3.15f1/Editor/Data/Resources/UnitySubsystems
[Subsystems] Discovering subsystems at path C:/Users/kenny/Documents/GitHub/MD_Hypercasual/ResourceMaster/Assets
GfxDevice: creating device client; threaded=0; jobified=0
Direct3D:
    Version:  Direct3D 11.0 [level 11.1]
    Renderer: NVIDIA GeForce GTX 1660 Ti (ID=0x2191)
    Vendor:   NVIDIA
    VRAM:     5979 MB
    Driver:   31.0.15.2802
Initialize mono
Mono path[0] = 'C:/Program Files/Unity/Hub/Editor/2021.3.15f1/Editor/Data/Managed'
Mono path[1] = 'C:/Program Files/Unity/Hub/Editor/2021.3.15f1/Editor/Data/MonoBleedingEdge/lib/mono/unityjit-win32'
Mono config path = 'C:/Program Files/Unity/Hub/Editor/2021.3.15f1/Editor/Data/MonoBleedingEdge/etc'
Using monoOptions --debugger-agent=transport=dt_socket,embedding=1,server=y,suspend=n,address=127.0.0.1:56004
Begin MonoManager ReloadAssembly
Registering precompiled unity dll's ...
Register platform support module: C:/Program Files/Unity/Hub/Editor/2021.3.15f1/Editor/Data/PlaybackEngines/WebGLSupport/UnityEditor.WebGL.Extensions.dll
Register platform support module: C:/Program Files/Unity/Hub/Editor/2021.3.15f1/Editor/Data/PlaybackEngines/AndroidPlayer/UnityEditor.Android.Extensions.dll
Register platform support module: C:/Program Files/Unity/Hub/Editor/2021.3.15f1/Editor/Data/PlaybackEngines/iOSSupport/UnityEditor.iOS.Extensions.dll
Register platform support module: C:/Program Files/Unity/Hub/Editor/2021.3.15f1/Editor/Data/PlaybackEngines/WindowsStandaloneSupport/UnityEditor.WindowsStandalone.Extensions.dll
Registered in 0.006018 seconds.
Native extension for WindowsStandalone target not found
Native extension for iOS target not found
Native extension for Android target not found
Native extension for WebGL target not found
Refreshing native plugins compatible for Editor in 80.24 ms, found 3 plugins.
Preloading 0 native plugins for Editor in 0.00 ms.
Mono: successfully reloaded assembly
- Completed reload, in  0.671 seconds
Domain Reload Profiling:
	ReloadAssembly (671ms)
		BeginReloadAssembly (80ms)
			ExecutionOrderSort (0ms)
			DisableScriptedObjects (0ms)
			BackupInstance (0ms)
			ReleaseScriptingObjects (0ms)
			CreateAndSetChildDomain (1ms)
		EndReloadAssembly (477ms)
			LoadAssemblies (79ms)
			RebuildTransferFunctionScriptingTraits (0ms)
			SetupTypeCache (118ms)
			ReleaseScriptCaches (0ms)
			RebuildScriptCaches (28ms)
			SetupLoadedEditorAssemblies (282ms)
				LogAssemblyErrors (0ms)
				InitializePlatformSupportModulesInManaged (64ms)
				SetLoadedEditorAssemblies (0ms)
				RefreshPlugins (80ms)
				BeforeProcessingInitializeOnLoad (1ms)
				ProcessInitializeOnLoadAttributes (93ms)
				ProcessInitializeOnLoadMethodAttributes (43ms)
				AfterProcessingInitializeOnLoad (0ms)
				EditorAssembliesLoaded (0ms)
			ExecutionOrderSort2 (0ms)
			AwakeInstancesAfterBackupRestoration (0ms)
Platform modules already initialized, skipping
Registering precompiled user dll's ...
Registered in 0.005256 seconds.
Begin MonoManager ReloadAssembly
Native extension for WindowsStandalone target not found
Native extension for iOS target not found
Native extension for Android target not found
Native extension for WebGL target not found
Refreshing native plugins compatible for Editor in 0.89 ms, found 3 plugins.
Preloading 0 native plugins for Editor in 0.00 ms.
Mono: successfully reloaded assembly
Package Manager log level set to [2]
- Completed reload, in  1.135 seconds
Domain Reload Profiling:
	ReloadAssembly (1136ms)
		BeginReloadAssembly (223ms)
			ExecutionOrderSort (0ms)
			DisableScriptedObjects (5ms)
			BackupInstance (0ms)
			ReleaseScriptingObjects (0ms)
			CreateAndSetChildDomain (131ms)
		EndReloadAssembly (804ms)
			LoadAssemblies (80ms)
			RebuildTransferFunctionScriptingTraits (0ms)
			SetupTypeCache (277ms)
			ReleaseScriptCaches (1ms)
			RebuildScriptCaches (49ms)
			SetupLoadedEditorAssemblies (357ms)
				LogAssemblyErrors (0ms)
				InitializePlatformSupportModulesInManaged (25ms)
				SetLoadedEditorAssemblies (1ms)
				RefreshPlugins (1ms)
				BeforeProcessingInitializeOnLoad (85ms)
				ProcessInitializeOnLoadAttributes (216ms)
				ProcessInitializeOnLoadMethodAttributes (22ms)
				AfterProcessingInitializeOnLoad (8ms)
				EditorAssembliesLoaded (0ms)
			ExecutionOrderSort2 (0ms)
			AwakeInstancesAfterBackupRestoration (7ms)
Platform modules already initialized, skipping
========================================================================
Worker process is ready to serve import requests
Launched and connected shader compiler UnityShaderCompiler.exe after 0.04 seconds
Refreshing native plugins compatible for Editor in 0.70 ms, found 3 plugins.
Preloading 0 native plugins for Editor in 0.00 ms.
Unloading 3507 Unused Serialized files (Serialized files now loaded: 0)
Unloading 40 unused Assets / (88.5 KB). Loaded Objects now: 3976.
Memory consumption went from 142.7 MB to 142.6 MB.
Total: 3.163900 ms (FindLiveObjects: 0.305900 ms CreateObjectMapping: 0.140200 ms MarkObjects: 2.604600 ms  DeleteObjects: 0.111700 ms)

AssetImportParameters requested are different than current active one (requested -> active):
  custom:video-decoder-ogg-theora: a1e56fd34408186e4bbccfd4996cb3dc -> 
  custom:container-muxer-webm: aa71ff27fc2769a1b78a27578f13a17b -> 
  custom:container-demuxer-webm: 4f35f7cbe854078d1ac9338744f61a02 -> 
  custom:video-encoder-webm-vp8: eb34c28f22e8b96e1ab97ce403110664 -> 
  custom:video-codec-MediaFoundation-h265: 746d11721c4dcdbdad8f713fa42b33f4 -> 
  custom:audio-encoder-webm-vorbis: bf7c407c2cedff20999df2af8eb42d56 -> 
  custom:framework-win-MediaFoundation: 216162199b28c13a410421893ffa2e32 -> 
  custom:container-demuxer-ogg: 62fdf1f143b41e24485cea50d1cbac27 -> 
  custom:video-decoder-webm-vp8: 9c59270c3fd7afecdb556c50c9e8de78 -> 
  custom:audio-decoder-ogg-vorbis: bf7c407c2cedff20999df2af8eb42d56 -> 
========================================================================
Received Import Request.
  Time since last request: 56732.624087 seconds.
  path: Assets/New Terrain.asset
  artifactKey: Guid(caf9fe91ddbd01e4db066bc9f6680695) Importer(815301076,1909f56bfc062723c751e8b465ee728b)
Start importing Assets/New Terrain.asset using Guid(caf9fe91ddbd01e4db066bc9f6680695) Importer(815301076,1909f56bfc062723c751e8b465ee728b)  -> (artifact id: 'f069a14a5ef70167f30e3700c294f156') in 0.041933 seconds 
========================================================================
Received Import Request.
  Time since last request: 3.581501 seconds.
  path: Assets/Rock.asset
  artifactKey: Guid(855de43a04c14e340a24aafb480212b3) Importer(815301076,1909f56bfc062723c751e8b465ee728b)
Start importing Assets/Rock.asset using Guid(855de43a04c14e340a24aafb480212b3) Importer(815301076,1909f56bfc062723c751e8b465ee728b)  -> (artifact id: 'f94dec5eb76764097f80bed352f7b1b2') in 0.043859 seconds 
========================================================================
Received Import Request.
  Time since last request: 7.646349 seconds.
  path: Assets/Level1.unity
  artifactKey: Guid(5ca6cec56cbcbc9478807b5f92a8b202) Importer(815301076,1909f56bfc062723c751e8b465ee728b)
Start importing Assets/Level1.unity using Guid(5ca6cec56cbcbc9478807b5f92a8b202) Importer(815301076,1909f56bfc062723c751e8b465ee728b)  -> (artifact id: '773f7ad63b1a7d8de393612b67c0b0dd') in 0.006191 seconds 
========================================================================
Received Prepare
Registering precompiled user dll's ...
Registered in 0.005723 seconds.
Begin MonoManager ReloadAssembly
Native extension for WindowsStandalone target not found
Native extension for iOS target not found
Native extension for Android target not found
Native extension for WebGL target not found
Refreshing native plugins compatible for Editor in 0.85 ms, found 3 plugins.
Preloading 0 native plugins for Editor in 0.00 ms.
Mono: successfully reloaded assembly
- Completed reload, in  0.961 seconds
Domain Reload Profiling:
	ReloadAssembly (962ms)
		BeginReloadAssembly (119ms)
			ExecutionOrderSort (0ms)
			DisableScriptedObjects (5ms)
			BackupInstance (0ms)
			ReleaseScriptingObjects (0ms)
			CreateAndSetChildDomain (33ms)
		EndReloadAssembly (747ms)
			LoadAssemblies (82ms)
			RebuildTransferFunctionScriptingTraits (0ms)
			SetupTypeCache (240ms)
			ReleaseScriptCaches (1ms)
			RebuildScriptCaches (47ms)
			SetupLoadedEditorAssemblies (332ms)
				LogAssemblyErrors (0ms)
				InitializePlatformSupportModulesInManaged (34ms)
				SetLoadedEditorAssemblies (0ms)
				RefreshPlugins (1ms)
				BeforeProcessingInitializeOnLoad (61ms)
				ProcessInitializeOnLoadAttributes (203ms)
				ProcessInitializeOnLoadMethodAttributes (24ms)
				AfterProcessingInitializeOnLoad (8ms)
				EditorAssembliesLoaded (0ms)
			ExecutionOrderSort2 (0ms)
			AwakeInstancesAfterBackupRestoration (5ms)
Platform modules already initialized, skipping
Refreshing native plugins compatible for Editor in 3.75 ms, found 3 plugins.
Preloading 0 native plugins for Editor in 0.00 ms.
Unloading 3489 Unused Serialized files (Serialized files now loaded: 0)
Unloading 33 unused Assets / (55.1 KB). Loaded Objects now: 3982.
Memory consumption went from 141.3 MB to 141.2 MB.
Total: 3.053400 ms (FindLiveObjects: 0.327500 ms CreateObjectMapping: 0.111400 ms MarkObjects: 2.534200 ms  DeleteObjects: 0.079000 ms)

AssetImportParameters requested are different than current active one (requested -> active):
  custom:video-decoder-ogg-theora: a1e56fd34408186e4bbccfd4996cb3dc -> 
  custom:container-muxer-webm: aa71ff27fc2769a1b78a27578f13a17b -> 
  custom:container-demuxer-webm: 4f35f7cbe854078d1ac9338744f61a02 -> 
  custom:video-encoder-webm-vp8: eb34c28f22e8b96e1ab97ce403110664 -> 
  custom:video-codec-MediaFoundation-h265: 746d11721c4dcdbdad8f713fa42b33f4 -> 
  custom:audio-encoder-webm-vorbis: bf7c407c2cedff20999df2af8eb42d56 -> 
  custom:framework-win-MediaFoundation: 216162199b28c13a410421893ffa2e32 -> 
  custom:container-demuxer-ogg: 62fdf1f143b41e24485cea50d1cbac27 -> 
  custom:video-decoder-webm-vp8: 9c59270c3fd7afecdb556c50c9e8de78 -> 
  custom:audio-decoder-ogg-vorbis: bf7c407c2cedff20999df2af8eb42d56 -> 
========================================================================
Received Import Request.
  Time since last request: 34.279156 seconds.
  path: Assets/Scenes/Level1.unity
  artifactKey: Guid(c850ee8c3b14cc8459e7e186857cf567) Importer(815301076,1909f56bfc062723c751e8b465ee728b)
Start importing Assets/Scenes/Level1.unity using Guid(c850ee8c3b14cc8459e7e186857cf567) Importer(815301076,1909f56bfc062723c751e8b465ee728b)  -> (artifact id: '19d7fb11a723bda1b2cd26ec0382d28b') in 0.007091 seconds 
========================================================================
Received Prepare
Registering precompiled user dll's ...
Registered in 0.004616 seconds.
Begin MonoManager ReloadAssembly
Native extension for WindowsStandalone target not found
Native extension for iOS target not found
Native extension for Android target not found
Native extension for WebGL target not found
Refreshing native plugins compatible for Editor in 0.84 ms, found 3 plugins.
Preloading 0 native plugins for Editor in 0.00 ms.
Mono: successfully reloaded assembly
- Completed reload, in  0.960 seconds
Domain Reload Profiling:
	ReloadAssembly (961ms)
		BeginReloadAssembly (116ms)
			ExecutionOrderSort (0ms)
			DisableScriptedObjects (5ms)
			BackupInstance (0ms)
			ReleaseScriptingObjects (0ms)
			CreateAndSetChildDomain (36ms)
		EndReloadAssembly (750ms)
			LoadAssemblies (71ms)
			RebuildTransferFunctionScriptingTraits (0ms)
			SetupTypeCache (213ms)
			ReleaseScriptCaches (2ms)
			RebuildScriptCaches (48ms)
			SetupLoadedEditorAssemblies (355ms)
				LogAssemblyErrors (0ms)
				InitializePlatformSupportModulesInManaged (40ms)
				SetLoadedEditorAssemblies (1ms)
				RefreshPlugins (1ms)
				BeforeProcessingInitializeOnLoad (73ms)
				ProcessInitializeOnLoadAttributes (211ms)
				ProcessInitializeOnLoadMethodAttributes (23ms)
				AfterProcessingInitializeOnLoad (7ms)
				EditorAssembliesLoaded (0ms)
			ExecutionOrderSort2 (0ms)
			AwakeInstancesAfterBackupRestoration (5ms)
Platform modules already initialized, skipping
Refreshing native plugins compatible for Editor in 3.60 ms, found 3 plugins.
Preloading 0 native plugins for Editor in 0.00 ms.
Unloading 3489 Unused Serialized files (Serialized files now loaded: 0)
Unloading 33 unused Assets / (55.0 KB). Loaded Objects now: 3985.
Memory consumption went from 141.3 MB to 141.2 MB.
Total: 3.437700 ms (FindLiveObjects: 0.268900 ms CreateObjectMapping: 0.153500 ms MarkObjects: 2.906900 ms  DeleteObjects: 0.107000 ms)

AssetImportParameters requested are different than current active one (requested -> active):
  custom:video-decoder-ogg-theora: a1e56fd34408186e4bbccfd4996cb3dc -> 
  custom:container-muxer-webm: aa71ff27fc2769a1b78a27578f13a17b -> 
  custom:container-demuxer-webm: 4f35f7cbe854078d1ac9338744f61a02 -> 
  custom:video-encoder-webm-vp8: eb34c28f22e8b96e1ab97ce403110664 -> 
  custom:video-codec-MediaFoundation-h265: 746d11721c4dcdbdad8f713fa42b33f4 -> 
  custom:audio-encoder-webm-vorbis: bf7c407c2cedff20999df2af8eb42d56 -> 
  custom:framework-win-MediaFoundation: 216162199b28c13a410421893ffa2e32 -> 
  custom:container-demuxer-ogg: 62fdf1f143b41e24485cea50d1cbac27 -> 
  custom:video-decoder-webm-vp8: 9c59270c3fd7afecdb556c50c9e8de78 -> 
  custom:audio-decoder-ogg-vorbis: bf7c407c2cedff20999df2af8eb42d56 -> 
========================================================================
Received Prepare
Registering precompiled user dll's ...
Registered in 0.005304 seconds.
Begin MonoManager ReloadAssembly
Native extension for WindowsStandalone target not found
Native extension for iOS target not found
Native extension for Android target not found
Native extension for WebGL target not found
Refreshing native plugins compatible for Editor in 0.79 ms, found 3 plugins.
Preloading 0 native plugins for Editor in 0.00 ms.
Mono: successfully reloaded assembly
- Completed reload, in  0.975 seconds
Domain Reload Profiling:
	ReloadAssembly (976ms)
		BeginReloadAssembly (112ms)
			ExecutionOrderSort (0ms)
			DisableScriptedObjects (5ms)
			BackupInstance (0ms)
			ReleaseScriptingObjects (0ms)
			CreateAndSetChildDomain (31ms)
		EndReloadAssembly (764ms)
			LoadAssemblies (75ms)
			RebuildTransferFunctionScriptingTraits (0ms)
			SetupTypeCache (230ms)
			ReleaseScriptCaches (1ms)
			RebuildScriptCaches (40ms)
			SetupLoadedEditorAssemblies (366ms)
				LogAssemblyErrors (0ms)
				InitializePlatformSupportModulesInManaged (36ms)
				SetLoadedEditorAssemblies (0ms)
				RefreshPlugins (1ms)
				BeforeProcessingInitializeOnLoad (65ms)
				ProcessInitializeOnLoadAttributes (226ms)
				ProcessInitializeOnLoadMethodAttributes (29ms)
				AfterProcessingInitializeOnLoad (8ms)
				EditorAssembliesLoaded (0ms)
			ExecutionOrderSort2 (0ms)
			AwakeInstancesAfterBackupRestoration (6ms)
Platform modules already initialized, skipping
Refreshing native plugins compatible for Editor in 3.92 ms, found 3 plugins.
Preloading 0 native plugins for Editor in 0.00 ms.
Unloading 3489 Unused Serialized files (Serialized files now loaded: 0)
Unloading 33 unused Assets / (56.1 KB). Loaded Objects now: 3988.
Memory consumption went from 141.3 MB to 141.2 MB.
Total: 3.147000 ms (FindLiveObjects: 0.323700 ms CreateObjectMapping: 0.093400 ms MarkObjects: 2.639300 ms  DeleteObjects: 0.089400 ms)

AssetImportParameters requested are different than current active one (requested -> active):
  custom:video-decoder-ogg-theora: a1e56fd34408186e4bbccfd4996cb3dc -> 
  custom:container-muxer-webm: aa71ff27fc2769a1b78a27578f13a17b -> 
  custom:container-demuxer-webm: 4f35f7cbe854078d1ac9338744f61a02 -> 
  custom:video-encoder-webm-vp8: eb34c28f22e8b96e1ab97ce403110664 -> 
  custom:video-codec-MediaFoundation-h265: 746d11721c4dcdbdad8f713fa42b33f4 -> 
  custom:audio-encoder-webm-vorbis: bf7c407c2cedff20999df2af8eb42d56 -> 
  custom:framework-win-MediaFoundation: 216162199b28c13a410421893ffa2e32 -> 
  custom:container-demuxer-ogg: 62fdf1f143b41e24485cea50d1cbac27 -> 
  custom:video-decoder-webm-vp8: 9c59270c3fd7afecdb556c50c9e8de78 -> 
  custom:audio-decoder-ogg-vorbis: bf7c407c2cedff20999df2af8eb42d56 -> 
========================================================================
Received Prepare
Registering precompiled user dll's ...
Registered in 0.004887 seconds.
Begin MonoManager ReloadAssembly
Native extension for WindowsStandalone target not found
Native extension for iOS target not found
Native extension for Android target not found
Native extension for WebGL target not found
Refreshing native plugins compatible for Editor in 0.96 ms, found 3 plugins.
Preloading 0 native plugins for Editor in 0.00 ms.
Mono: successfully reloaded assembly
- Completed reload, in  0.936 seconds
Domain Reload Profiling:
	ReloadAssembly (937ms)
		BeginReloadAssembly (124ms)
			ExecutionOrderSort (0ms)
			DisableScriptedObjects (5ms)
			BackupInstance (0ms)
			ReleaseScriptingObjects (0ms)
			CreateAndSetChildDomain (34ms)
		EndReloadAssembly (715ms)
			LoadAssemblies (81ms)
			RebuildTransferFunctionScriptingTraits (0ms)
			SetupTypeCache (212ms)
			ReleaseScriptCaches (1ms)
			RebuildScriptCaches (39ms)
			SetupLoadedEditorAssemblies (340ms)
				LogAssemblyErrors (0ms)
				InitializePlatformSupportModulesInManaged (37ms)
				SetLoadedEditorAssemblies (1ms)
				RefreshPlugins (1ms)
				BeforeProcessingInitializeOnLoad (72ms)
				ProcessInitializeOnLoadAttributes (199ms)
				ProcessInitializeOnLoadMethodAttributes (22ms)
				AfterProcessingInitializeOnLoad (7ms)
				EditorAssembliesLoaded (0ms)
			ExecutionOrderSort2 (0ms)
			AwakeInstancesAfterBackupRestoration (5ms)
Platform modules already initialized, skipping
Refreshing native plugins compatible for Editor in 5.18 ms, found 3 plugins.
Preloading 0 native plugins for Editor in 0.00 ms.
Unloading 3489 Unused Serialized files (Serialized files now loaded: 0)
Unloading 33 unused Assets / (55.0 KB). Loaded Objects now: 3991.
Memory consumption went from 141.3 MB to 141.2 MB.
Total: 3.895900 ms (FindLiveObjects: 0.305100 ms CreateObjectMapping: 0.177500 ms MarkObjects: 3.318800 ms  DeleteObjects: 0.093200 ms)

AssetImportParameters requested are different than current active one (requested -> active):
  custom:video-decoder-ogg-theora: a1e56fd34408186e4bbccfd4996cb3dc -> 
  custom:container-muxer-webm: aa71ff27fc2769a1b78a27578f13a17b -> 
  custom:container-demuxer-webm: 4f35f7cbe854078d1ac9338744f61a02 -> 
  custom:video-encoder-webm-vp8: eb34c28f22e8b96e1ab97ce403110664 -> 
  custom:video-codec-MediaFoundation-h265: 746d11721c4dcdbdad8f713fa42b33f4 -> 
  custom:audio-encoder-webm-vorbis: bf7c407c2cedff20999df2af8eb42d56 -> 
  custom:framework-win-MediaFoundation: 216162199b28c13a410421893ffa2e32 -> 
  custom:container-demuxer-ogg: 62fdf1f143b41e24485cea50d1cbac27 -> 
  custom:video-decoder-webm-vp8: 9c59270c3fd7afecdb556c50c9e8de78 -> 
  custom:audio-decoder-ogg-vorbis: bf7c407c2cedff20999df2af8eb42d56 -> 
========================================================================
Received Prepare
Registering precompiled user dll's ...
Registered in 0.004968 seconds.
Begin MonoManager ReloadAssembly
Native extension for WindowsStandalone target not found
Native extension for iOS target not found
Native extension for Android target not found
Native extension for WebGL target not found
Refreshing native plugins compatible for Editor in 0.79 ms, found 3 plugins.
Preloading 0 native plugins for Editor in 0.00 ms.
Mono: successfully reloaded assembly
- Completed reload, in  0.925 seconds
Domain Reload Profiling:
	ReloadAssembly (926ms)
		BeginReloadAssembly (116ms)
			ExecutionOrderSort (0ms)
			DisableScriptedObjects (5ms)
			BackupInstance (0ms)
			ReleaseScriptingObjects (0ms)
			CreateAndSetChildDomain (33ms)
		EndReloadAssembly (711ms)
			LoadAssemblies (75ms)
			RebuildTransferFunctionScriptingTraits (0ms)
			SetupTypeCache (207ms)
			ReleaseScriptCaches (1ms)
			RebuildScriptCaches (41ms)
			SetupLoadedEditorAssemblies (333ms)
				LogAssemblyErrors (0ms)
				InitializePlatformSupportModulesInManaged (34ms)
				SetLoadedEditorAssemblies (0ms)
				RefreshPlugins (1ms)
				BeforeProcessingInitializeOnLoad (62ms)
				ProcessInitializeOnLoadAttributes (207ms)
				ProcessInitializeOnLoadMethodAttributes (22ms)
				AfterProcessingInitializeOnLoad (7ms)
				EditorAssembliesLoaded (0ms)
			ExecutionOrderSort2 (0ms)
			AwakeInstancesAfterBackupRestoration (7ms)
Platform modules already initialized, skipping
Refreshing native plugins compatible for Editor in 3.29 ms, found 3 plugins.
Preloading 0 native plugins for Editor in 0.00 ms.
Unloading 3489 Unused Serialized files (Serialized files now loaded: 0)
Unloading 33 unused Assets / (55.0 KB). Loaded Objects now: 3994.
Memory consumption went from 141.3 MB to 141.2 MB.
Total: 3.098900 ms (FindLiveObjects: 0.314100 ms CreateObjectMapping: 0.117400 ms MarkObjects: 2.568300 ms  DeleteObjects: 0.097600 ms)

AssetImportParameters requested are different than current active one (requested -> active):
  custom:video-decoder-ogg-theora: a1e56fd34408186e4bbccfd4996cb3dc -> 
  custom:container-muxer-webm: aa71ff27fc2769a1b78a27578f13a17b -> 
  custom:container-demuxer-webm: 4f35f7cbe854078d1ac9338744f61a02 -> 
  custom:video-encoder-webm-vp8: eb34c28f22e8b96e1ab97ce403110664 -> 
  custom:video-codec-MediaFoundation-h265: 746d11721c4dcdbdad8f713fa42b33f4 -> 
  custom:audio-encoder-webm-vorbis: bf7c407c2cedff20999df2af8eb42d56 -> 
  custom:framework-win-MediaFoundation: 216162199b28c13a410421893ffa2e32 -> 
  custom:container-demuxer-ogg: 62fdf1f143b41e24485cea50d1cbac27 -> 
  custom:video-decoder-webm-vp8: 9c59270c3fd7afecdb556c50c9e8de78 -> 
  custom:audio-decoder-ogg-vorbis: bf7c407c2cedff20999df2af8eb42d56 -> 
========================================================================
Received Import Request.
  Time since last request: 591.982823 seconds.
  path: Assets/Free Stylized Skybox/CubeMap
  artifactKey: Guid(8f1c5a5cb73b94a419410c4554e1dd97) Importer(815301076,1909f56bfc062723c751e8b465ee728b)
Start importing Assets/Free Stylized Skybox/CubeMap using Guid(8f1c5a5cb73b94a419410c4554e1dd97) Importer(815301076,1909f56bfc062723c751e8b465ee728b)  -> (artifact id: '2fc531a83dc13fbf452b85b3cdda905a') in 0.010580 seconds 
========================================================================
Received Import Request.
  Time since last request: 4.283073 seconds.
  path: Assets/Granite Rocks/Meshes
  artifactKey: Guid(09ec187248a7ef0468b1394f4f4a101b) Importer(815301076,1909f56bfc062723c751e8b465ee728b)
Start importing Assets/Granite Rocks/Meshes using Guid(09ec187248a7ef0468b1394f4f4a101b) Importer(815301076,1909f56bfc062723c751e8b465ee728b)  -> (artifact id: 'ff605612c666dab33850befa6a8fcb43') in 0.005529 seconds 
========================================================================
Received Import Request.
  Time since last request: 0.916195 seconds.
  path: Assets/Granite Rocks/Meshes/rock01
  artifactKey: Guid(f17a9957ce59a3444bd15ad054a55bb6) Importer(815301076,1909f56bfc062723c751e8b465ee728b)
Start importing Assets/Granite Rocks/Meshes/rock01 using Guid(f17a9957ce59a3444bd15ad054a55bb6) Importer(815301076,1909f56bfc062723c751e8b465ee728b)  -> (artifact id: 'ae43bbe32603ab2139330fc394494c7a') in 0.006629 seconds 
========================================================================
Received Import Request.
  Time since last request: 0.075231 seconds.
  path: Assets/Granite Rocks/Meshes/rock01/granite rock01_lod0.FBX
  artifactKey: Guid(b230d92df894f5448944239b82ed4306) Importer(815301076,1909f56bfc062723c751e8b465ee728b)
Start importing Assets/Granite Rocks/Meshes/rock01/granite rock01_lod0.FBX using Guid(b230d92df894f5448944239b82ed4306) Importer(815301076,1909f56bfc062723c751e8b465ee728b)  -> (artifact id: '940491bbf718bade33733227bc3a6b45') in 0.298143 seconds 
========================================================================
Received Import Request.
  Time since last request: 0.000021 seconds.
  path: Assets/Granite Rocks/Meshes/rock01/granite rock01_lod3.FBX
  artifactKey: Guid(11b9f7f004efd1e4181b82da0d5cab82) Importer(815301076,1909f56bfc062723c751e8b465ee728b)
Start importing Assets/Granite Rocks/Meshes/rock01/granite rock01_lod3.FBX using Guid(11b9f7f004efd1e4181b82da0d5cab82) Importer(815301076,1909f56bfc062723c751e8b465ee728b)  -> (artifact id: '072aaf3e07fb9974c0cfa255d569d32f') in 0.125845 seconds 
========================================================================
Received Import Request.
  Time since last request: 10.333823 seconds.
  path: Assets/Grass And Flowers Pack 1
  artifactKey: Guid(e427e23d3daa3aa47a812c4a3be96da9) Importer(815301076,1909f56bfc062723c751e8b465ee728b)
Start importing Assets/Grass And Flowers Pack 1 using Guid(e427e23d3daa3aa47a812c4a3be96da9) Importer(815301076,1909f56bfc062723c751e8b465ee728b)  -> (artifact id: 'd0b8386c3dbded025cdbae16a186e6be') in 0.006604 seconds 
========================================================================
Received Import Request.
  Time since last request: 0.292350 seconds.
  path: Assets/greyRoadStudio
  artifactKey: Guid(26cf183f838437d4fb72a3b392416aaa) Importer(815301076,1909f56bfc062723c751e8b465ee728b)
Start importing Assets/greyRoadStudio using Guid(26cf183f838437d4fb72a3b392416aaa) Importer(815301076,1909f56bfc062723c751e8b465ee728b)  -> (artifact id: '483c902d2b33b0c3567199ab2f334fbc') in 0.006213 seconds 
========================================================================
Received Import Request.
  Time since last request: 1.113882 seconds.
  path: Assets/greyRoadStudio/LowPolyTreePack
  artifactKey: Guid(86fd7d7a59296ae49a3d3a7852c6f952) Importer(815301076,1909f56bfc062723c751e8b465ee728b)
Start importing Assets/greyRoadStudio/LowPolyTreePack using Guid(86fd7d7a59296ae49a3d3a7852c6f952) Importer(815301076,1909f56bfc062723c751e8b465ee728b)  -> (artifact id: 'e55191ff6b7c060d2676ee429468e961') in 0.005883 seconds 
========================================================================
Received Import Request.
  Time since last request: 0.544519 seconds.
  path: Assets/greyRoadStudio/LowPolyTreePack/Materials
  artifactKey: Guid(924b642ad1362f343aaa58fd97a526bc) Importer(815301076,1909f56bfc062723c751e8b465ee728b)
Start importing Assets/greyRoadStudio/LowPolyTreePack/Materials using Guid(924b642ad1362f343aaa58fd97a526bc) Importer(815301076,1909f56bfc062723c751e8b465ee728b)  -> (artifact id: '355fd39e34ae202a7fcd1313c3a314af') in 0.005705 seconds 
========================================================================
Received Import Request.
  Time since last request: 0.041757 seconds.
  path: Assets/greyRoadStudio/LowPolyTreePack/Materials/Mat_BirchLeaves.mat
  artifactKey: Guid(6abd4c725e0d6694488c7e592678f08c) Importer(815301076,1909f56bfc062723c751e8b465ee728b)
Start importing Assets/greyRoadStudio/LowPolyTreePack/Materials/Mat_BirchLeaves.mat using Guid(6abd4c725e0d6694488c7e592678f08c) Importer(815301076,1909f56bfc062723c751e8b465ee728b)  -> (artifact id: 'c35c45d2a6d4f27a788d7b57af96e578') in 0.037701 seconds 
========================================================================
Received Import Request.
  Time since last request: 0.000027 seconds.
  path: Assets/greyRoadStudio/LowPolyTreePack/Materials/Mat_PineTrunk.mat
  artifactKey: Guid(53c38d3492f12ff48b99b74a4f501353) Importer(815301076,1909f56bfc062723c751e8b465ee728b)
Start importing Assets/greyRoadStudio/LowPolyTreePack/Materials/Mat_PineTrunk.mat using Guid(53c38d3492f12ff48b99b74a4f501353) Importer(815301076,1909f56bfc062723c751e8b465ee728b)  -> (artifact id: 'a47e2c1d078dc2633bb5d90180ea8f72') in 0.013953 seconds 
========================================================================
Received Import Request.
  Time since last request: 0.000032 seconds.
  path: Assets/greyRoadStudio/LowPolyTreePack/Materials/Mat_Leaves.mat
  artifactKey: Guid(0f257ccd9100f3a4e9411de677db4f82) Importer(815301076,1909f56bfc062723c751e8b465ee728b)
Start importing Assets/greyRoadStudio/LowPolyTreePack/Materials/Mat_Leaves.mat using Guid(0f257ccd9100f3a4e9411de677db4f82) Importer(815301076,1909f56bfc062723c751e8b465ee728b)  -> (artifact id: '013829dc25b4adec8f93b2fdd295a89c') in 0.016319 seconds 
========================================================================
Received Import Request.
  Time since last request: 0.000033 seconds.
  path: Assets/greyRoadStudio/LowPolyTreePack/Materials/Mat_StumpBark.mat
  artifactKey: Guid(924a3979b6c622c40a8c60f66f00be26) Importer(815301076,1909f56bfc062723c751e8b465ee728b)
Start importing Assets/greyRoadStudio/LowPolyTreePack/Materials/Mat_StumpBark.mat using Guid(924a3979b6c622c40a8c60f66f00be26) Importer(815301076,1909f56bfc062723c751e8b465ee728b)  -> (artifact id: 'bfdb2c174db240886c97cef6498e4c1b') in 0.014175 seconds 
========================================================================
Received Import Request.
  Time since last request: 0.000038 seconds.
  path: Assets/greyRoadStudio/LowPolyTreePack/Materials/Mat_Rock03.mat
  artifactKey: Guid(5ee52a642284f5e4385dabb20444d29a) Importer(815301076,1909f56bfc062723c751e8b465ee728b)
Start importing Assets/greyRoadStudio/LowPolyTreePack/Materials/Mat_Rock03.mat using Guid(5ee52a642284f5e4385dabb20444d29a) Importer(815301076,1909f56bfc062723c751e8b465ee728b)  -> (artifact id: '6c72f4047f89cf53009d13048739910d') in 0.012908 seconds 
========================================================================
Received Import Request.
  Time since last request: 0.000029 seconds.
  path: Assets/greyRoadStudio/LowPolyTreePack/Materials/Mat_Rock01.mat
  artifactKey: Guid(41aba79095f97cd43927b0a4c906b435) Importer(815301076,1909f56bfc062723c751e8b465ee728b)
Start importing Assets/greyRoadStudio/LowPolyTreePack/Materials/Mat_Rock01.mat using Guid(41aba79095f97cd43927b0a4c906b435) Importer(815301076,1909f56bfc062723c751e8b465ee728b)  -> (artifact id: '9e0e5e1ab01964d4ea1aca51fdc6f8da') in 0.012861 seconds 
========================================================================
Received Import Request.
  Time since last request: 0.000027 seconds.
  path: Assets/greyRoadStudio/LowPolyTreePack/Materials/Mat_OakLeaves.mat
  artifactKey: Guid(34dd48b381bae5f4f80fe8348a0b644e) Importer(815301076,1909f56bfc062723c751e8b465ee728b)
Start importing Assets/greyRoadStudio/LowPolyTreePack/Materials/Mat_OakLeaves.mat using Guid(34dd48b381bae5f4f80fe8348a0b644e) Importer(815301076,1909f56bfc062723c751e8b465ee728b)  -> (artifact id: 'e14029c7170357e6206cbc21b7e318da') in 0.016653 seconds 
========================================================================
Received Import Request.
  Time since last request: 0.000026 seconds.
  path: Assets/greyRoadStudio/LowPolyTreePack/Materials/Mat_Tree.mat
  artifactKey: Guid(8b6f2c2c5ab4c0149b18ba7b50b58178) Importer(815301076,1909f56bfc062723c751e8b465ee728b)
Start importing Assets/greyRoadStudio/LowPolyTreePack/Materials/Mat_Tree.mat using Guid(8b6f2c2c5ab4c0149b18ba7b50b58178) Importer(815301076,1909f56bfc062723c751e8b465ee728b)  -> (artifact id: '38cbb47ede271ad0d28f781559880790') in 0.011800 seconds 
========================================================================
Received Import Request.
  Time since last request: 2.065197 seconds.
  path: Assets/greyRoadStudio/LowPolyTreePack/Models
  artifactKey: Guid(0de9b66731e72f44a856c01c08e79ac5) Importer(815301076,1909f56bfc062723c751e8b465ee728b)
Start importing Assets/greyRoadStudio/LowPolyTreePack/Models using Guid(0de9b66731e72f44a856c01c08e79ac5) Importer(815301076,1909f56bfc062723c751e8b465ee728b)  -> (artifact id: '7ef341cd2eb3067bcf9ae1d4752a0b7e') in 0.005688 seconds 
========================================================================
Received Import Request.
  Time since last request: 0.073195 seconds.
  path: Assets/greyRoadStudio/LowPolyTreePack/Models/birchTree.fbx
  artifactKey: Guid(bf854a44f4078f841a91c4fdfa36277a) Importer(815301076,1909f56bfc062723c751e8b465ee728b)
Start importing Assets/greyRoadStudio/LowPolyTreePack/Models/birchTree.fbx using Guid(bf854a44f4078f841a91c4fdfa36277a) Importer(815301076,1909f56bfc062723c751e8b465ee728b)  -> (artifact id: '483bf0924073ec2778b80ae1ea9d8b80') in 0.020207 seconds 
========================================================================
Received Import Request.
  Time since last request: 0.000037 seconds.
  path: Assets/greyRoadStudio/LowPolyTreePack/Models/rockGroup03.fbx
  artifactKey: Guid(7dc8c408cf9eedb42bdd617a5b33750a) Importer(815301076,1909f56bfc062723c751e8b465ee728b)
Start importing Assets/greyRoadStudio/LowPolyTreePack/Models/rockGroup03.fbx using Guid(7dc8c408cf9eedb42bdd617a5b33750a) Importer(815301076,1909f56bfc062723c751e8b465ee728b)  -> (artifact id: '0aaa63a7d69632b4f83004fd6be548c1') in 0.023821 seconds 
========================================================================
Received Import Request.
  Time since last request: 0.000043 seconds.
  path: Assets/greyRoadStudio/LowPolyTreePack/Models/rock01.fbx
  artifactKey: Guid(40eee6d5f6f994c478afdb774a87c9b1) Importer(815301076,1909f56bfc062723c751e8b465ee728b)
Start importing Assets/greyRoadStudio/LowPolyTreePack/Models/rock01.fbx using Guid(40eee6d5f6f994c478afdb774a87c9b1) Importer(815301076,1909f56bfc062723c751e8b465ee728b)  -> (artifact id: 'e9894bf435eaeb32ebffb0cf6bb9e33c') in 0.018095 seconds 
========================================================================
Received Import Request.
  Time since last request: 0.000029 seconds.
  path: Assets/greyRoadStudio/LowPolyTreePack/Models/tree_leafless.fbx
  artifactKey: Guid(e44e1a4a2783d5f41afcd8c670195f85) Importer(815301076,1909f56bfc062723c751e8b465ee728b)
Start importing Assets/greyRoadStudio/LowPolyTreePack/Models/tree_leafless.fbx using Guid(e44e1a4a2783d5f41afcd8c670195f85) Importer(815301076,1909f56bfc062723c751e8b465ee728b)  -> (artifact id: 'ee3b081839f06696686d1e13b3eb417f') in 0.017504 seconds 
========================================================================
Received Import Request.
  Time since last request: 0.000027 seconds.
  path: Assets/greyRoadStudio/LowPolyTreePack/Models/pineTree.fbx
  artifactKey: Guid(67590bf36d0abac419beccf3fcb0e5f8) Importer(815301076,1909f56bfc062723c751e8b465ee728b)
Start importing Assets/greyRoadStudio/LowPolyTreePack/Models/pineTree.fbx using Guid(67590bf36d0abac419beccf3fcb0e5f8) Importer(815301076,1909f56bfc062723c751e8b465ee728b)  -> (artifact id: '5e4d2db0214b870f16175840b24abbc9') in 0.020970 seconds 
========================================================================
Received Import Request.
  Time since last request: 0.000038 seconds.
  path: Assets/greyRoadStudio/LowPolyTreePack/Models/rockGroup02.fbx
  artifactKey: Guid(0ea1e9698b38fcf459ce485aaaacd211) Importer(815301076,1909f56bfc062723c751e8b465ee728b)
Start importing Assets/greyRoadStudio/LowPolyTreePack/Models/rockGroup02.fbx using Guid(0ea1e9698b38fcf459ce485aaaacd211) Importer(815301076,1909f56bfc062723c751e8b465ee728b)  -> (artifact id: '13026d04aebb125d897c203294ec8444') in 0.018544 seconds 
========================================================================
Received Import Request.
  Time since last request: 0.000047 seconds.
  path: Assets/greyRoadStudio/LowPolyTreePack/Models/tree.fbx
  artifactKey: Guid(1fc71d46bd91b21459596d37ee587fe2) Importer(815301076,1909f56bfc062723c751e8b465ee728b)
Start importing Assets/greyRoadStudio/LowPolyTreePack/Models/tree.fbx using Guid(1fc71d46bd91b21459596d37ee587fe2) Importer(815301076,1909f56bfc062723c751e8b465ee728b)  -> (artifact id: '73b35c5509f543c3a3fb6018ffe205b5') in 0.019446 seconds 
========================================================================
Received Import Request.
  Time since last request: 0.000034 seconds.
  path: Assets/greyRoadStudio/LowPolyTreePack/Models/mountain.fbx
  artifactKey: Guid(4882698f19d48dd42af12117cea6f02b) Importer(815301076,1909f56bfc062723c751e8b465ee728b)
Start importing Assets/greyRoadStudio/LowPolyTreePack/Models/mountain.fbx using Guid(4882698f19d48dd42af12117cea6f02b) Importer(815301076,1909f56bfc062723c751e8b465ee728b)  -> (artifact id: '5df95f211d0dd24ab9fa4a32f93a7cba') in 0.017260 seconds 
========================================================================
Received Import Request.
  Time since last request: 0.000031 seconds.
  path: Assets/greyRoadStudio/LowPolyTreePack/Models/rockGroup01.fbx
  artifactKey: Guid(ce05bacb958420d44b5c27f0d00462e0) Importer(815301076,1909f56bfc062723c751e8b465ee728b)
Start importing Assets/greyRoadStudio/LowPolyTreePack/Models/rockGroup01.fbx using Guid(ce05bacb958420d44b5c27f0d00462e0) Importer(815301076,1909f56bfc062723c751e8b465ee728b)  -> (artifact id: 'eb3785923e0823120b5638cc6f87574a') in 0.017467 seconds 
========================================================================
Received Import Request.
  Time since last request: 0.000028 seconds.
  path: Assets/greyRoadStudio/LowPolyTreePack/Models/oakTree_leafless.fbx
  artifactKey: Guid(e3d54c8d2447c9f4b9ad5d2021da4b42) Importer(815301076,1909f56bfc062723c751e8b465ee728b)
Start importing Assets/greyRoadStudio/LowPolyTreePack/Models/oakTree_leafless.fbx using Guid(e3d54c8d2447c9f4b9ad5d2021da4b42) Importer(815301076,1909f56bfc062723c751e8b465ee728b)  -> (artifact id: '9faff1f330e2af31508796f91e093bf5') in 0.019140 seconds 
Editor requested this worker to shutdown with reason: Scaling down because of idle timeout
AssetImportWorker is now disconnected from the server
Process exiting
Exiting without the bug reporter. Application will terminate with return code 0